<?xml version="1.0" encoding="UTF-8"?>
<!-- Generated by org.testng.reporters.JUnitXMLReporter -->
<testsuite ignored="0" hostname="LAPTOP-Q8L6MLBC" failures="0" tests="6" name="Default test" time="113.981" errors="0" timestamp="2025-07-14T21:56:18 IST">
  <testcase classname="OrangeHR.OrangeHRMLoginTest" name="checkFileExists" time="0.007"/>
  <testcase classname="OrangeHR.OrangeHRMLoginTest" name="loginTest" time="4.65"/>
  <testcase classname="OrangeHR.OrangeHRMLoginTest" name="loginTest" time="18.135"/>
  <testcase classname="OrangeHR.OrangeHRMLoginTest" name="loginTest" time="18.099"/>
  <testcase classname="OrangeHR.OrangeHRMLoginTest" name="loginTest" time="18.19"/>
  <testcase classname="OrangeHR.OrangeHRMLoginTest" name="loginTest" time="18.231"/>
</testsuite> <!-- Default test -->
