<?xml version="1.0" encoding="UTF-8"?>
<testng-results ignored="0" total="3" passed="3" failed="0" skipped="0">
  <reporter-output>
  </reporter-output>
  <suite started-at="2025-07-10T17:55:54 IST" name="CrossBrowserSuite" finished-at="2025-07-10T17:56:15 IST" duration-ms="20835">
    <groups>
    </groups>
    <test started-at="2025-07-10T17:55:54 IST" name="Chrome Test" finished-at="2025-07-10T17:56:10 IST" duration-ms="16261">
      <class name="amazontest12.AmazonTest1">
        <test-method is-config="true" signature="setup(java.lang.String)[pri:0, instance:amazontest12.AmazonTest1@5e82df6a]" started-at="2025-07-10T17:55:54 IST" name="setup" finished-at="2025-07-10T17:56:02 IST" duration-ms="8264" status="PASS">
          <params>
            <param index="0">
              <value>
                <![CDATA[chrome]]>
              </value>
            </param>
          </params>
          <reporter-output>
          </reporter-output>
        </test-method> <!-- setup -->
        <test-method signature="testAmazon()[pri:0, instance:amazontest12.AmazonTest1@5e82df6a]" started-at="2025-07-10T17:56:02 IST" name="testAmazon" finished-at="2025-07-10T17:56:09 IST" duration-ms="6781" status="PASS">
          <reporter-output>
          </reporter-output>
        </test-method> <!-- testAmazon -->
        <test-method is-config="true" signature="tearDown()[pri:0, instance:amazontest12.AmazonTest1@5e82df6a]" started-at="2025-07-10T17:56:09 IST" name="tearDown" finished-at="2025-07-10T17:56:10 IST" duration-ms="1146" status="PASS">
          <reporter-output>
          </reporter-output>
        </test-method> <!-- tearDown -->
      </class> <!-- amazontest12.AmazonTest1 -->
    </test> <!-- Chrome Test -->
    <test started-at="2025-07-10T17:55:54 IST" name="Edge Test" finished-at="2025-07-10T17:56:15 IST" duration-ms="20658">
      <class name="amazontest12.AmazonTest1">
        <test-method is-config="true" signature="setup(java.lang.String)[pri:0, instance:amazontest12.AmazonTest1@7b9a4292]" started-at="2025-07-10T17:55:54 IST" name="setup" finished-at="2025-07-10T17:56:05 IST" duration-ms="10877" status="PASS">
          <params>
            <param index="0">
              <value>
                <![CDATA[edge]]>
              </value>
            </param>
          </params>
          <reporter-output>
          </reporter-output>
        </test-method> <!-- setup -->
        <test-method signature="testAmazon()[pri:0, instance:amazontest12.AmazonTest1@7b9a4292]" started-at="2025-07-10T17:56:05 IST" name="testAmazon" finished-at="2025-07-10T17:56:13 IST" duration-ms="8403" status="PASS">
          <reporter-output>
          </reporter-output>
        </test-method> <!-- testAmazon -->
        <test-method is-config="true" signature="tearDown()[pri:0, instance:amazontest12.AmazonTest1@7b9a4292]" started-at="2025-07-10T17:56:13 IST" name="tearDown" finished-at="2025-07-10T17:56:15 IST" duration-ms="1327" status="PASS">
          <reporter-output>
          </reporter-output>
        </test-method> <!-- tearDown -->
      </class> <!-- amazontest12.AmazonTest1 -->
    </test> <!-- Edge Test -->
    <test started-at="2025-07-10T17:55:54 IST" name="Firefox Test" finished-at="2025-07-10T17:56:15 IST" duration-ms="20835">
      <class name="amazontest12.AmazonTest1">
        <test-method is-config="true" signature="setup(java.lang.String)[pri:0, instance:amazontest12.AmazonTest1@4fb0f2b9]" started-at="2025-07-10T17:55:54 IST" name="setup" finished-at="2025-07-10T17:56:10 IST" duration-ms="16209" status="PASS">
          <params>
            <param index="0">
              <value>
                <![CDATA[firefox]]>
              </value>
            </param>
          </params>
          <reporter-output>
          </reporter-output>
        </test-method> <!-- setup -->
        <test-method signature="testAmazon()[pri:0, instance:amazontest12.AmazonTest1@4fb0f2b9]" started-at="2025-07-10T17:56:10 IST" name="testAmazon" finished-at="2025-07-10T17:56:13 IST" duration-ms="2820" status="PASS">
          <reporter-output>
          </reporter-output>
        </test-method> <!-- testAmazon -->
        <test-method is-config="true" signature="tearDown()[pri:0, instance:amazontest12.AmazonTest1@4fb0f2b9]" started-at="2025-07-10T17:56:13 IST" name="tearDown" finished-at="2025-07-10T17:56:15 IST" duration-ms="1758" status="PASS">
          <reporter-output>
          </reporter-output>
        </test-method> <!-- tearDown -->
      </class> <!-- amazontest12.AmazonTest1 -->
    </test> <!-- Firefox Test -->
  </suite> <!-- CrossBrowserSuite -->
</testng-results>
