<?xml version="1.0" encoding="UTF-8"?>
<testng-results ignored="0" total="6" passed="6" failed="0" skipped="0">
  <reporter-output>
  </reporter-output>
  <suite started-at="2025-07-14T21:54:24 IST" name="Default suite" finished-at="2025-07-14T21:56:18 IST" duration-ms="113981">
    <groups>
    </groups>
    <test started-at="2025-07-14T21:54:24 IST" name="Default test" finished-at="2025-07-14T21:56:18 IST" duration-ms="113981">
      <class name="OrangeHR.OrangeHRMLoginTest">
        <test-method is-config="true" signature="setupReport()[pri:0, instance:OrangeHR.OrangeHRMLoginTest@d35dea7]" started-at="2025-07-14T21:54:24 IST" name="setupReport" finished-at="2025-07-14T21:54:24 IST" duration-ms="186" status="PASS">
          <reporter-output>
          </reporter-output>
        </test-method> <!-- setupReport -->
        <test-method is-config="true" signature="setup()[pri:0, instance:OrangeHR.OrangeHRMLoginTest@d35dea7]" started-at="2025-07-14T21:54:24 IST" name="setup" finished-at="2025-07-14T21:54:29 IST" duration-ms="5057" status="PASS">
          <reporter-output>
          </reporter-output>
        </test-method> <!-- setup -->
        <test-method signature="checkFileExists()[pri:0, instance:OrangeHR.OrangeHRMLoginTest@d35dea7]" started-at="2025-07-14T21:54:29 IST" name="checkFileExists" finished-at="2025-07-14T21:54:29 IST" duration-ms="7" status="PASS">
          <reporter-output>
          </reporter-output>
        </test-method> <!-- checkFileExists -->
        <test-method is-config="true" signature="tearDown()[pri:0, instance:OrangeHR.OrangeHRMLoginTest@d35dea7]" started-at="2025-07-14T21:54:29 IST" name="tearDown" finished-at="2025-07-14T21:54:30 IST" duration-ms="208" status="PASS">
          <reporter-output>
          </reporter-output>
        </test-method> <!-- tearDown -->
        <test-method is-config="true" signature="setup()[pri:0, instance:OrangeHR.OrangeHRMLoginTest@d35dea7]" started-at="2025-07-14T21:54:31 IST" name="setup" finished-at="2025-07-14T21:54:42 IST" duration-ms="11641" status="PASS">
          <reporter-output>
          </reporter-output>
        </test-method> <!-- setup -->
        <test-method signature="loginTest(java.lang.String,java.lang.String)[pri:0, instance:OrangeHR.OrangeHRMLoginTest@d35dea7]" started-at="2025-07-14T21:54:42 IST" name="loginTest" data-provider="loginData" finished-at="2025-07-14T21:54:47 IST" duration-ms="4650" status="PASS">
          <params>
            <param index="0">
              <value>
                <![CDATA[Admin]]>
              </value>
            </param>
            <param index="1">
              <value>
                <![CDATA[admin123]]>
              </value>
            </param>
          </params>
          <reporter-output>
          </reporter-output>
        </test-method> <!-- loginTest -->
        <test-method is-config="true" signature="tearDown()[pri:0, instance:OrangeHR.OrangeHRMLoginTest@d35dea7]" started-at="2025-07-14T21:54:47 IST" name="tearDown" finished-at="2025-07-14T21:54:47 IST" duration-ms="314" status="PASS">
          <reporter-output>
          </reporter-output>
        </test-method> <!-- tearDown -->
        <test-method is-config="true" signature="setup()[pri:0, instance:OrangeHR.OrangeHRMLoginTest@d35dea7]" started-at="2025-07-14T21:54:47 IST" name="setup" finished-at="2025-07-14T21:54:51 IST" duration-ms="4020" status="PASS">
          <reporter-output>
          </reporter-output>
        </test-method> <!-- setup -->
        <test-method signature="loginTest(java.lang.String,java.lang.String)[pri:0, instance:OrangeHR.OrangeHRMLoginTest@d35dea7]" started-at="2025-07-14T21:54:51 IST" name="loginTest" data-provider="loginData" finished-at="2025-07-14T21:55:09 IST" duration-ms="18135" status="PASS">
          <params>
            <param index="0">
              <value>
                <![CDATA[wrong1]]>
              </value>
            </param>
            <param index="1">
              <value>
                <![CDATA[pass123]]>
              </value>
            </param>
          </params>
          <reporter-output>
          </reporter-output>
        </test-method> <!-- loginTest -->
        <test-method is-config="true" signature="tearDown()[pri:0, instance:OrangeHR.OrangeHRMLoginTest@d35dea7]" started-at="2025-07-14T21:55:09 IST" name="tearDown" finished-at="2025-07-14T21:55:10 IST" duration-ms="318" status="PASS">
          <reporter-output>
          </reporter-output>
        </test-method> <!-- tearDown -->
        <test-method is-config="true" signature="setup()[pri:0, instance:OrangeHR.OrangeHRMLoginTest@d35dea7]" started-at="2025-07-14T21:55:10 IST" name="setup" finished-at="2025-07-14T21:55:14 IST" duration-ms="4229" status="PASS">
          <reporter-output>
          </reporter-output>
        </test-method> <!-- setup -->
        <test-method signature="loginTest(java.lang.String,java.lang.String)[pri:0, instance:OrangeHR.OrangeHRMLoginTest@d35dea7]" started-at="2025-07-14T21:55:14 IST" name="loginTest" data-provider="loginData" finished-at="2025-07-14T21:55:32 IST" duration-ms="18099" status="PASS">
          <params>
            <param index="0">
              <value>
                <![CDATA[admin]]>
              </value>
            </param>
            <param index="1">
              <value>
                <![CDATA[wrongpass]]>
              </value>
            </param>
          </params>
          <reporter-output>
          </reporter-output>
        </test-method> <!-- loginTest -->
        <test-method is-config="true" signature="tearDown()[pri:0, instance:OrangeHR.OrangeHRMLoginTest@d35dea7]" started-at="2025-07-14T21:55:32 IST" name="tearDown" finished-at="2025-07-14T21:55:32 IST" duration-ms="296" status="PASS">
          <reporter-output>
          </reporter-output>
        </test-method> <!-- tearDown -->
        <test-method is-config="true" signature="setup()[pri:0, instance:OrangeHR.OrangeHRMLoginTest@d35dea7]" started-at="2025-07-14T21:55:32 IST" name="setup" finished-at="2025-07-14T21:55:36 IST" duration-ms="4163" status="PASS">
          <reporter-output>
          </reporter-output>
        </test-method> <!-- setup -->
        <test-method signature="loginTest(java.lang.String,java.lang.String)[pri:0, instance:OrangeHR.OrangeHRMLoginTest@d35dea7]" started-at="2025-07-14T21:55:36 IST" name="loginTest" data-provider="loginData" finished-at="2025-07-14T21:55:55 IST" duration-ms="18190" status="PASS">
          <params>
            <param index="0">
              <value>
                <![CDATA[user123]]>
              </value>
            </param>
            <param index="1">
              <value>
                <![CDATA[admin123]]>
              </value>
            </param>
          </params>
          <reporter-output>
          </reporter-output>
        </test-method> <!-- loginTest -->
        <test-method is-config="true" signature="tearDown()[pri:0, instance:OrangeHR.OrangeHRMLoginTest@d35dea7]" started-at="2025-07-14T21:55:55 IST" name="tearDown" finished-at="2025-07-14T21:55:55 IST" duration-ms="320" status="PASS">
          <reporter-output>
          </reporter-output>
        </test-method> <!-- tearDown -->
        <test-method is-config="true" signature="setup()[pri:0, instance:OrangeHR.OrangeHRMLoginTest@d35dea7]" started-at="2025-07-14T21:55:55 IST" name="setup" finished-at="2025-07-14T21:55:59 IST" duration-ms="4158" status="PASS">
          <reporter-output>
          </reporter-output>
        </test-method> <!-- setup -->
        <test-method signature="loginTest(java.lang.String,java.lang.String)[pri:0, instance:OrangeHR.OrangeHRMLoginTest@d35dea7]" started-at="2025-07-14T21:55:59 IST" name="loginTest" data-provider="loginData" finished-at="2025-07-14T21:56:17 IST" duration-ms="18231" status="PASS">
          <params>
            <param index="0">
              <value>
                <![CDATA[Admin]]>
              </value>
            </param>
            <param index="1">
              <value>
                <![CDATA[admin321]]>
              </value>
            </param>
          </params>
          <reporter-output>
          </reporter-output>
        </test-method> <!-- loginTest -->
        <test-method is-config="true" signature="tearDown()[pri:0, instance:OrangeHR.OrangeHRMLoginTest@d35dea7]" started-at="2025-07-14T21:56:17 IST" name="tearDown" finished-at="2025-07-14T21:56:18 IST" duration-ms="284" status="PASS">
          <reporter-output>
          </reporter-output>
        </test-method> <!-- tearDown -->
        <test-method is-config="true" signature="flushReport()[pri:0, instance:OrangeHR.OrangeHRMLoginTest@d35dea7]" started-at="2025-07-14T21:56:18 IST" name="flushReport" finished-at="2025-07-14T21:56:18 IST" duration-ms="417" status="PASS">
          <reporter-output>
          </reporter-output>
        </test-method> <!-- flushReport -->
      </class> <!-- OrangeHR.OrangeHRMLoginTest -->
    </test> <!-- Default test -->
  </suite> <!-- Default suite -->
</testng-results>
